0 info it worked if it ends with ok
1 verbose cli [ '/usr/local/Cellar/node/7.7.4/bin/node',
1 verbose cli   '/usr/local/bin/npm',
1 verbose cli   'run',
1 verbose cli   'build' ]
2 info using npm@4.1.2
3 info using node@v7.7.4
4 verbose stack Error: Failed to parse json
4 verbose stack Unexpected token '/' at 18:6
4 verbose stack     // "build": "cli/buildVisual.js"
4 verbose stack      ^
4 verbose stack     at parseError (/usr/local/lib/node_modules/npm/node_modules/read-package-json/read-json.js:390:11)
4 verbose stack     at parseJson (/usr/local/lib/node_modules/npm/node_modules/read-package-json/read-json.js:79:23)
4 verbose stack     at /usr/local/lib/node_modules/npm/node_modules/read-package-json/read-json.js:48:5
4 verbose stack     at /usr/local/lib/node_modules/npm/node_modules/graceful-fs/graceful-fs.js:78:16
4 verbose stack     at tryToString (fs.js:449:3)
4 verbose stack     at FSReqWrap.readFileAfterClose [as oncomplete] (fs.js:436:12)
5 verbose cwd /Users/marysnow/Documents/watch-dog/gui
6 error Darwin 16.4.0
7 error argv "/usr/local/Cellar/node/7.7.4/bin/node" "/usr/local/bin/npm" "run" "build"
8 error node v7.7.4
9 error npm  v4.1.2
10 error file /Users/marysnow/Documents/watch-dog/package.json
11 error code EJSONPARSE
12 error Failed to parse json
12 error Unexpected token '/' at 18:6
12 error     // "build": "cli/buildVisual.js"
12 error      ^
13 error File: /Users/marysnow/Documents/watch-dog/package.json
14 error Failed to parse package.json data.
14 error package.json must be actual JSON, not just JavaScript.
14 error
14 error This is not a bug in npm.
14 error Tell the package author to fix their package.json file. JSON.parse
15 verbose exit [ 1, true ]
